C:\Program Files (x86)\Microsoft Visual Studio\2019\Community\MSBuild\Microsoft\VC\v160\Microsoft.CppBuild.targets(499,5): warning MSB8004: Output Directory does not end with a trailing slash.  This build instance will add the slash as it is required to allow proper evaluation of the Output Directory.
  p_client.c
C:\Users\zacha\git\Quake_2_mod\game\p_client.c(76,42): warning C4100: 'self': unreferenced formal parameter
C:\Users\zacha\git\Quake_2_mod\game\p_client.c(185,66): warning C4100: 'damage': unreferenced formal parameter
C:\Users\zacha\git\Quake_2_mod\game\p_client.c(185,56): warning C4100: 'kick': unreferenced formal parameter
C:\Users\zacha\git\Quake_2_mod\game\p_client.c(185,43): warning C4100: 'other': unreferenced formal parameter
C:\Users\zacha\git\Quake_2_mod\game\p_client.c(185,28): warning C4100: 'self': unreferenced formal parameter
C:\Users\zacha\git\Quake_2_mod\game\p_client.c(217,46): warning C4100: 'inflictor': unreferenced formal parameter
C:\Users\zacha\git\Quake_2_mod\game\p_client.c(507,91): warning C4100: 'point': unreferenced formal parameter
C:\Users\zacha\git\Quake_2_mod\game\p_client.c(702,17): warning C4459: declaration of 'player' hides global declaration
C:\Users\zacha\git\Quake_2_mod\game\p_client.c(39,10): message : see declaration of 'player'
C:\Users\zacha\git\Quake_2_mod\game\p_client.c(937,89): warning C4100: 'point': unreferenced formal parameter
C:\Users\zacha\git\Quake_2_mod\game\p_client.c(937,60): warning C4100: 'attacker': unreferenced formal parameter
C:\Users\zacha\git\Quake_2_mod\game\p_client.c(937,40): warning C4100: 'inflictor': unreferenced formal parameter
C:\Users\zacha\git\Quake_2_mod\game\p_client.c(1376,10): warning C4996: 'strcpy': This function or variable may be unsafe. Consider using strcpy_s instead. To disable deprecation, use _CRT_SECURE_NO_WARNINGS. See online help for details.
C:\Users\zacha\git\Quake_2_mod\game\p_client.c(1381,2): warning C4996: 'strncpy': This function or variable may be unsafe. Consider using strncpy_s instead. To disable deprecation, use _CRT_SECURE_NO_WARNINGS. See online help for details.
C:\Users\zacha\git\Quake_2_mod\game\p_client.c(1421,2): warning C4996: 'strncpy': This function or variable may be unsafe. Consider using strncpy_s instead. To disable deprecation, use _CRT_SECURE_NO_WARNINGS. See online help for details.
C:\Users\zacha\git\Quake_2_mod\game\p_client.c(1856,8): warning C4996: 'strcat': This function or variable may be unsafe. Consider using strcat_s instead. To disable deprecation, use _CRT_SECURE_NO_WARNINGS. See online help for details.
C:\Users\zacha\git\Quake_2_mod\game\p_client.c(1844): warning C4716: 'setClass': must return a value
C:\Program Files (x86)\Microsoft Visual Studio\2019\Community\MSBuild\Microsoft\VC\v160\Microsoft.CppBuild.targets(1363,5): warning MSB8012: TargetPath(C:\Program Files (x86)\Steam\steamapps\common\Quake 2\MOD\game.dll) does not match the Linker's OutputFile property value (C:\Users\zacha\git\Quake_2_mod\release\gamex86.dll). This may cause your project to build incorrectly. To correct this, please make sure that $(OutDir), $(TargetName) and $(TargetExt) property values match the value specified in %(Link.OutputFile).
C:\Program Files (x86)\Microsoft Visual Studio\2019\Community\MSBuild\Microsoft\VC\v160\Microsoft.CppBuild.targets(1365,5): warning MSB8012: TargetName(game) does not match the Linker's OutputFile property value (gamex86). This may cause your project to build incorrectly. To correct this, please make sure that $(OutDir), $(TargetName) and $(TargetExt) property values match the value specified in %(Link.OutputFile).
     Creating library .\..\release\gamex86.lib and object .\..\release\gamex86.exp
  game.vcxproj -> C:\Program Files (x86)\Steam\steamapps\common\Quake 2\MOD\game.dll
